<?xml version="1.0" encoding="UTF-8"?>
<testsuite name="projectzero.PrintingTest" tests="1" skipped="0" failures="0" errors="0" timestamp="2018-06-19T20:13:34" hostname="LAPTOP-TJKG9CDM" time="0.006">
  <properties/>
  <testcase name="stringExceedingMaxLengthReturnsString" classname="projectzero.PrintingTest" time="0.006"/>
  <system-out><![CDATA[]]></system-out>
  <system-err><![CDATA[]]></system-err>
</testsuite>
