<?xml version="1.0" encoding="UTF-8"?>
<testsuite name="projectzero.PrintingTest" tests="1" skipped="0" failures="0" errors="0" timestamp="2018-06-21T03:10:20" hostname="LAPTOP-TJKG9CDM" time="0.031">
  <properties/>
  <testcase name="stringExceedingMaxLengthReturnsString" classname="projectzero.PrintingTest" time="0.031"/>
  <system-out><![CDATA[]]></system-out>
  <system-err><![CDATA[]]></system-err>
</testsuite>
